<testsuite name="chat-quality" tests="30" failures="0">
  <testcase name="list-namespaces" time="0"></testcase>
  <testcase name="list-pods" time="0"></testcase>
  <testcase name="list-pods-alt" time="0"></testcase>
  <testcase name="count-pods-namespace" time="0"></testcase>
  <testcase name="count-deployments" time="0"></testcase>
  <testcase name="list-services" time="0"></testcase>
  <testcase name="list-nodes" time="0"></testcase>
  <testcase name="list-configmaps" time="0"></testcase>
  <testcase name="list-secrets" time="0"></testcase>
  <testcase name="list-ingresses" time="0"></testcase>
  <testcase name="list-pvcs" time="0"></testcase>
  <testcase name="cluster-health" time="0"></testcase>
  <testcase name="analyze-pod-health" time="0"></testcase>
  <testcase name="analyze-deployment-health" time="0"></testcase>
  <testcase name="analyze-node-pressure" time="0"></testcase>
  <testcase name="analyze-rbac" time="0"></testcase>
  <testcase name="events-namespace" time="0"></testcase>
  <testcase name="events-warnings" time="0"></testcase>
  <testcase name="why-crashloop" time="0"></testcase>
  <testcase name="why-pending" time="0"></testcase>
  <testcase name="logs-prompt" time="0"></testcase>
  <testcase name="capacity" time="0"></testcase>
  <testcase name="restart-counts" time="0"></testcase>
  <testcase name="image-usage" time="0"></testcase>
  <testcase name="namespace-overview" time="0"></testcase>
  <testcase name="resource-contention" time="0"></testcase>
  <testcase name="storage-health" time="0"></testcase>
  <testcase name="cron-jobs" time="0"></testcase>
  <testcase name="statefulsets" time="0"></testcase>
  <testcase name="network-policies" time="0"></testcase>
</testsuite>